# JRE version: OpenJDK Runtime Environment (8.0_242-b01) (build 1.8.0_242-release-1644-b01)
# Java VM: OpenJDK 64-Bit Server VM (25.242-b01 mixed mode windows-amd64 compressed oops)
Heap:
 PSYoungGen      total 192512K, used 85193K [0x00000000e0000000, 0x00000000f0480000, 0x0000000100000000)
  eden space 182272K, 46% used [0x00000000e0000000,0x00000000e5332588,0x00000000eb200000)
  from space 10240K, 0% used [0x00000000eb200000,0x00000000eb200000,0x00000000ebc00000)
  to   space 10752K, 0% used [0x00000000efa00000,0x00000000efa00000,0x00000000f0480000)
 ParOldGen       total 66560K, used 19536K [0x00000000a0000000, 0x00000000a4100000, 0x00000000e0000000)
  object space 66560K, 29% used [0x00000000a0000000,0x00000000a1314100,0x00000000a4100000)
 Metaspace       used 42356K, capacity 43402K, committed 43608K, reserved 1087488K
  class space    used 5659K, capacity 5944K, committed 5976K, reserved 1048576K
GC Heap History (10 events):
Event: 37.058 GC heap before
{Heap before GC invocations=15 (full 1):
 PSYoungGen      total 86528K, used 83008K [0x00000000e0000000, 0x00000000e8780000, 0x0000000100000000)
  eden space 76800K, 100% used [0x00000000e0000000,0x00000000e4b00000,0x00000000e4b00000)
  from space 9728K, 63% used [0x00000000e4b00000,0x00000000e5110050,0x00000000e5480000)
  to   space 9728K, 0% used [0x00000000e7e00000,0x00000000e7e00000,0x00000000e8780000)
 ParOldGen       total 46592K, used 23185K [0x00000000a0000000, 0x00000000a2d80000, 0x00000000e0000000)
  object space 46592K, 49% used [0x00000000a0000000,0x00000000a16a45c0,0x00000000a2d80000)
 Metaspace       used 29197K, capacity 29788K, committed 30080K, reserved 1075200K
  class space    used 3955K, capacity 4115K, committed 4224K, reserved 1048576K
Event: 37.073 GC heap after
Heap after GC invocations=15 (full 1):
 PSYoungGen      total 126976K, used 4928K [0x00000000e0000000, 0x00000000e8600000, 0x0000000100000000)
  eden space 118784K, 0% used [0x00000000e0000000,0x00000000e0000000,0x00000000e7400000)
  from space 8192K, 60% used [0x00000000e7e00000,0x00000000e82d0010,0x00000000e8600000)
  to   space 9216K, 0% used [0x00000000e7400000,0x00000000e7400000,0x00000000e7d00000)
 ParOldGen       total 46592K, used 29073K [0x00000000a0000000, 0x00000000a2d80000, 0x00000000e0000000)
  object space 46592K, 62% used [0x00000000a0000000,0x00000000a1c64600,0x00000000a2d80000)
 Metaspace       used 29197K, capacity 29788K, committed 30080K, reserved 1075200K
  class space    used 3955K, capacity 4115K, committed 4224K, reserved 1048576K
}
Event: 38.618 GC heap before
{Heap before GC invocations=16 (full 1):
 PSYoungGen      total 126976K, used 123712K [0x00000000e0000000, 0x00000000e8600000, 0x0000000100000000)
  eden space 118784K, 100% used [0x00000000e0000000,0x00000000e7400000,0x00000000e7400000)
  from space 8192K, 60% used [0x00000000e7e00000,0x00000000e82d0010,0x00000000e8600000)
  to   space 9216K, 0% used [0x00000000e7400000,0x00000000e7400000,0x00000000e7d00000)
 ParOldGen       total 46592K, used 29073K [0x00000000a0000000, 0x00000000a2d80000, 0x00000000e0000000)
  object space 46592K, 62% used [0x00000000a0000000,0x00000000a1c64600,0x00000000a2d80000)
 Metaspace       used 29202K, capacity 29788K, committed 30080K, reserved 1075200K
  class space    used 3955K, capacity 4115K, committed 4224K, reserved 1048576K
Event: 38.645 GC heap after
Heap after GC invocations=16 (full 1):
 PSYoungGen      total 128000K, used 7136K [0x00000000e0000000, 0x00000000ec700000, 0x0000000100000000)
  eden space 118784K, 0% used [0x00000000e0000000,0x00000000e0000000,0x00000000e7400000)
  from space 9216K, 77% used [0x00000000e7400000,0x00000000e7af8010,0x00000000e7d00000)
  to   space 9728K, 0% used [0x00000000ebd80000,0x00000000ebd80000,0x00000000ec700000)
 ParOldGen       total 46592K, used 33185K [0x00000000a0000000, 0x00000000a2d80000, 0x00000000e0000000)
  object space 46592K, 71% used [0x00000000a0000000,0x00000000a2068610,0x00000000a2d80000)
 Metaspace       used 29202K, capacity 29788K, committed 30080K, reserved 1075200K
  class space    used 3955K, capacity 4115K, committed 4224K, reserved 1048576K
}
Event: 42.746 GC heap before
{Heap before GC invocations=17 (full 1):
 PSYoungGen      total 128000K, used 125920K [0x00000000e0000000, 0x00000000ec700000, 0x0000000100000000)
  eden space 118784K, 100% used [0x00000000e0000000,0x00000000e7400000,0x00000000e7400000)
  from space 9216K, 77% used [0x00000000e7400000,0x00000000e7af8010,0x00000000e7d00000)
  to   space 9728K, 0% used [0x00000000ebd80000,0x00000000ebd80000,0x00000000ec700000)
 ParOldGen       total 46592K, used 33185K [0x00000000a0000000, 0x00000000a2d80000, 0x00000000e0000000)
  object space 46592K, 71% used [0x00000000a0000000,0x00000000a2068610,0x00000000a2d80000)
 Metaspace       used 33928K, capacity 34738K, committed 35072K, reserved 1079296K
  class space    used 4621K, capacity 4780K, committed 4864K, reserved 1048576K
Event: 42.757 GC heap after
Heap after GC invocations=17 (full 1):
 PSYoungGen      total 190976K, used 8562K [0x00000000e0000000, 0x00000000ec600000, 0x0000000100000000)
  eden space 182272K, 0% used [0x00000000e0000000,0x00000000e0000000,0x00000000eb200000)
  from space 8704K, 98% used [0x00000000ebd80000,0x00000000ec5dcb90,0x00000000ec600000)
  to   space 10240K, 0% used [0x00000000eb200000,0x00000000eb200000,0x00000000ebc00000)
 ParOldGen       total 46592K, used 33217K [0x00000000a0000000, 0x00000000a2d80000, 0x00000000e0000000)
  object space 46592K, 71% used [0x00000000a0000000,0x00000000a2070610,0x00000000a2d80000)
 Metaspace       used 33928K, capacity 34738K, committed 35072K, reserved 1079296K
  class space    used 4621K, capacity 4780K, committed 4864K, reserved 1048576K
}
Event: 47.876 GC heap before
{Heap before GC invocations=18 (full 1):
 PSYoungGen      total 190976K, used 33217K [0x00000000e0000000, 0x00000000ec600000, 0x0000000100000000)
  eden space 182272K, 13% used [0x00000000e0000000,0x00000000e1813b00,0x00000000eb200000)
  from space 8704K, 98% used [0x00000000ebd80000,0x00000000ec5dcb90,0x00000000ec600000)
  to   space 10240K, 0% used [0x00000000eb200000,0x00000000eb200000,0x00000000ebc00000)
 ParOldGen       total 46592K, used 33217K [0x00000000a0000000, 0x00000000a2d80000, 0x00000000e0000000)
  object space 46592K, 71% used [0x00000000a0000000,0x00000000a2070610,0x00000000a2d80000)
 Metaspace       used 34476K, capacity 35344K, committed 35416K, reserved 1079296K
  class space    used 4688K, capacity 4917K, committed 4952K, reserved 1048576K
Event: 47.886 GC heap after
Heap after GC invocations=18 (full 1):
 PSYoungGen      total 192512K, used 1746K [0x00000000e0000000, 0x00000000f0480000, 0x0000000100000000)
  eden space 182272K, 0% used [0x00000000e0000000,0x00000000e0000000,0x00000000eb200000)
  from space 10240K, 17% used [0x00000000eb200000,0x00000000eb3b4b50,0x00000000ebc00000)
  to   space 10752K, 0% used [0x00000000efa00000,0x00000000efa00000,0x00000000f0480000)
 ParOldGen       total 46592K, used 37949K [0x00000000a0000000, 0x00000000a2d80000, 0x00000000e0000000)
  object space 46592K, 81% used [0x00000000a0000000,0x00000000a250f6b0,0x00000000a2d80000)
 Metaspace       used 34476K, capacity 35344K, committed 35416K, reserved 1079296K
  class space    used 4688K, capacity 4917K, committed 4952K, reserved 1048576K
}
Event: 47.886 GC heap before
{Heap before GC invocations=19 (full 2):
 PSYoungGen      total 192512K, used 1746K [0x00000000e0000000, 0x00000000f0480000, 0x0000000100000000)
  eden space 182272K, 0% used [0x00000000e0000000,0x00000000e0000000,0x00000000eb200000)
  from space 10240K, 17% used [0x00000000eb200000,0x00000000eb3b4b50,0x00000000ebc00000)
  to   space 10752K, 0% used [0x00000000efa00000,0x00000000efa00000,0x00000000f0480000)
 ParOldGen       total 46592K, used 37949K [0x00000000a0000000, 0x00000000a2d80000, 0x00000000e0000000)
  object space 46592K, 81% used [0x00000000a0000000,0x00000000a250f6b0,0x00000000a2d80000)
 Metaspace       used 34476K, capacity 35344K, committed 35416K, reserved 1079296K
  class space    used 4688K, capacity 4917K, committed 4952K, reserved 1048576K
Event: 47.962 GC heap after
Heap after GC invocations=19 (full 2):
 PSYoungGen      total 192512K, used 0K [0x00000000e0000000, 0x00000000f0480000, 0x0000000100000000)
  eden space 182272K, 0% used [0x00000000e0000000,0x00000000e0000000,0x00000000eb200000)
  from space 10240K, 0% used [0x00000000eb200000,0x00000000eb200000,0x00000000ebc00000)
  to   space 10752K, 0% used [0x00000000efa00000,0x00000000efa00000,0x00000000f0480000)
 ParOldGen       total 66560K, used 19536K [0x00000000a0000000, 0x00000000a4100000, 0x00000000e0000000)
  object space 66560K, 29% used [0x00000000a0000000,0x00000000a1314100,0x00000000a4100000)
 Metaspace       used 34412K, capacity 35220K, committed 35416K, reserved 1079296K
  class space    used 4670K, capacity 4897K, committed 4952K, reserved 1048576K
}

